The code ran 1 times.
The code ran 1 times.
The code ran 1 times.
The code ran 1 times.
[main d9ef53c] Add update
 6 files changed, 25 insertions(+), 13 deletions(-)
 create mode 100644 .gitignore
 create mode 100644 __pycache__/neo4mails.cpython-39.pyc
 create mode 100644 __pycache__/secret.cpython-39.pyc
 create mode 100644 iss.log
remote: 
remote: GitHub found 1 vulnerability on GermanPaul12/ISS-Over-Mannheim-Newsletter-on-Replit's default branch (1 high). To find out more, visit:        
remote:      https://github.com/GermanPaul12/ISS-Over-Mannheim-Newsletter-on-Replit/security/dependabot/1        
remote: 
To https://github.com/GermanPaul12/ISS-Over-Mannheim-Newsletter-on-Replit.git
   142d3d4..d9ef53c  main -> main
File successfully pushed to the remote repository.
The code ran 1 times.
[main 98cfa88] Add update
 3 files changed, 16 insertions(+), 7 deletions(-)
remote: 
remote: GitHub found 1 vulnerability on GermanPaul12/ISS-Over-Mannheim-Newsletter-on-Replit's default branch (1 high). To find out more, visit:        
remote:      https://github.com/GermanPaul12/ISS-Over-Mannheim-Newsletter-on-Replit/security/dependabot/1        
remote: 
To https://github.com/GermanPaul12/ISS-Over-Mannheim-Newsletter-on-Replit.git
   d9ef53c..98cfa88  main -> main
File successfully pushed to the remote repository.
The code ran successfully.
[main cd76583] Add update
 3 files changed, 13 insertions(+), 1 deletion(-)
remote: 
remote: GitHub found 1 vulnerability on GermanPaul12/ISS-Over-Mannheim-Newsletter-on-Replit's default branch (1 high). To find out more, visit:        
remote:      https://github.com/GermanPaul12/ISS-Over-Mannheim-Newsletter-on-Replit/security/dependabot/1        
remote: 
To https://github.com/GermanPaul12/ISS-Over-Mannheim-Newsletter-on-Replit.git
   98cfa88..cd76583  main -> main
File successfully pushed to the remote repository.
The code ran successfully.
[main 1c9d757] Add update
 2 files changed, 11 insertions(+)
remote: 
remote: GitHub found 1 vulnerability on GermanPaul12/ISS-Over-Mannheim-Newsletter-on-Replit's default branch (1 high). To find out more, visit:        
remote:      https://github.com/GermanPaul12/ISS-Over-Mannheim-Newsletter-on-Replit/security/dependabot/1        
remote: 
To https://github.com/GermanPaul12/ISS-Over-Mannheim-Newsletter-on-Replit.git
   cd76583..1c9d757  main -> main
File successfully pushed to the remote repository.
The code ran successfully.
[main a2bf0d7] Add update
 2 files changed, 11 insertions(+)
remote: 
remote: GitHub found 1 vulnerability on GermanPaul12/ISS-Over-Mannheim-Newsletter-on-Replit's default branch (1 high). To find out more, visit:        
remote:      https://github.com/GermanPaul12/ISS-Over-Mannheim-Newsletter-on-Replit/security/dependabot/1        
remote: 
To https://github.com/GermanPaul12/ISS-Over-Mannheim-Newsletter-on-Replit.git
   1c9d757..a2bf0d7  main -> main
File successfully pushed to the remote repository.
The code ran successfully.
[main ba06876] Add update
 2 files changed, 11 insertions(+)
remote: 
remote: GitHub found 1 vulnerability on GermanPaul12/ISS-Over-Mannheim-Newsletter-on-Replit's default branch (1 high). To find out more, visit:        
remote:      https://github.com/GermanPaul12/ISS-Over-Mannheim-Newsletter-on-Replit/security/dependabot/1        
remote: 
To https://github.com/GermanPaul12/ISS-Over-Mannheim-Newsletter-on-Replit.git
   a2bf0d7..ba06876  main -> main
File successfully pushed to the remote repository.
The code ran successfully.
[main f2f3c1a] Add update
 2 files changed, 11 insertions(+)
remote: 
remote: GitHub found 1 vulnerability on GermanPaul12/ISS-Over-Mannheim-Newsletter-on-Replit's default branch (1 high). To find out more, visit:        
remote:      https://github.com/GermanPaul12/ISS-Over-Mannheim-Newsletter-on-Replit/security/dependabot/1        
remote: 
To https://github.com/GermanPaul12/ISS-Over-Mannheim-Newsletter-on-Replit.git
   ba06876..f2f3c1a  main -> main
File successfully pushed to the remote repository.
The code ran successfully.
[main 2753392] Add update
 2 files changed, 11 insertions(+)
remote: 
remote: GitHub found 1 vulnerability on GermanPaul12/ISS-Over-Mannheim-Newsletter-on-Replit's default branch (1 high). To find out more, visit:        
remote:      https://github.com/GermanPaul12/ISS-Over-Mannheim-Newsletter-on-Replit/security/dependabot/1        
remote: 
To https://github.com/GermanPaul12/ISS-Over-Mannheim-Newsletter-on-Replit.git
   f2f3c1a..2753392  main -> main
File successfully pushed to the remote repository.
The code ran successfully.
